2018-03-19 11:59:03 - Starting SpringbootDemoLoggingApplication on nexiilabs with PID 5703 (/home/nexii/eclipse-workspace/suryanarayana/springbootDemoLogging/target/classes started by nexii in /home/nexii/eclipse-workspace/suryanarayana/springbootDemoLogging)
2018-03-19 11:59:03 - Running with Spring Boot v1.5.6.RELEASE, Spring v4.3.10.RELEASE
2018-03-19 11:59:03 - No active profile set, falling back to default profiles: default
2018-03-19 11:59:03 - Refreshing org.springframework.boot.context.embedded.AnnotationConfigEmbeddedWebApplicationContext@69930714: startup date [Mon Mar 19 11:59:03 IST 2018]; root of context hierarchy
2018-03-19 11:59:03 - HV000001: Hibernate Validator 5.3.5.Final
2018-03-19 11:59:05 - Tomcat initialized with port(s): 8080 (http)
2018-03-19 11:59:05 - Starting service [Tomcat]
2018-03-19 11:59:05 - Starting Servlet Engine: Apache Tomcat/8.5.16
2018-03-19 11:59:05 - Initializing Spring embedded WebApplicationContext
2018-03-19 11:59:05 - Root WebApplicationContext: initialization completed in 2246 ms
2018-03-19 11:59:05 - Mapping servlet: 'dispatcherServlet' to [/]
2018-03-19 11:59:05 - Mapping filter: 'characterEncodingFilter' to: [/*]
2018-03-19 11:59:05 - Mapping filter: 'hiddenHttpMethodFilter' to: [/*]
2018-03-19 11:59:05 - Mapping filter: 'httpPutFormContentFilter' to: [/*]
2018-03-19 11:59:05 - Mapping filter: 'requestContextFilter' to: [/*]
2018-03-19 11:59:06 - Looking for @ControllerAdvice: org.springframework.boot.context.embedded.AnnotationConfigEmbeddedWebApplicationContext@69930714: startup date [Mon Mar 19 11:59:03 IST 2018]; root of context hierarchy
2018-03-19 11:59:06 - Mapped "{[/error],produces=[text/html]}" onto public org.springframework.web.servlet.ModelAndView org.springframework.boot.autoconfigure.web.BasicErrorController.errorHtml(javax.servlet.http.HttpServletRequest,javax.servlet.http.HttpServletResponse)
2018-03-19 11:59:06 - Mapped "{[/error]}" onto public org.springframework.http.ResponseEntity<java.util.Map<java.lang.String, java.lang.Object>> org.springframework.boot.autoconfigure.web.BasicErrorController.error(javax.servlet.http.HttpServletRequest)
2018-03-19 11:59:06 - Mapped URL path [/webjars/**] onto handler of type [class org.springframework.web.servlet.resource.ResourceHttpRequestHandler]
2018-03-19 11:59:06 - Mapped URL path [/**] onto handler of type [class org.springframework.web.servlet.resource.ResourceHttpRequestHandler]
2018-03-19 11:59:06 - Mapped URL path [/**/favicon.ico] onto handler of type [class org.springframework.web.servlet.resource.ResourceHttpRequestHandler]
2018-03-19 11:59:06 - Registering beans for JMX exposure on startup
2018-03-19 11:59:06 - Initializing ProtocolHandler ["http-nio-8080"]
2018-03-19 11:59:06 - Starting ProtocolHandler ["http-nio-8080"]
2018-03-19 11:59:06 - Using a shared selector for servlet write/read
2018-03-19 11:59:06 - Tomcat started on port(s): 8080 (http)
2018-03-19 11:59:07 - Started SpringbootDemoLoggingApplication in 4.362 seconds (JVM running for 6.173)
2018-03-19 12:00:12 - Application shutdown requested.
2018-03-19 12:00:12 - Closing org.springframework.boot.context.embedded.AnnotationConfigEmbeddedWebApplicationContext@69930714: startup date [Mon Mar 19 11:59:03 IST 2018]; root of context hierarchy
2018-03-19 12:00:12 - Unregistering JMX-exposed beans on shutdown
2018-03-19 12:00:20 - Starting SpringbootDemoLoggingApplication on nexiilabs with PID 5786 (/home/nexii/eclipse-workspace/suryanarayana/springbootDemoLogging/target/classes started by nexii in /home/nexii/eclipse-workspace/suryanarayana/springbootDemoLogging)
2018-03-19 12:00:20 - Running with Spring Boot v1.5.6.RELEASE, Spring v4.3.10.RELEASE
2018-03-19 12:00:20 - No active profile set, falling back to default profiles: default
2018-03-19 12:00:21 - Refreshing org.springframework.boot.context.embedded.AnnotationConfigEmbeddedWebApplicationContext@69930714: startup date [Mon Mar 19 12:00:21 IST 2018]; root of context hierarchy
2018-03-19 12:00:21 - HV000001: Hibernate Validator 5.3.5.Final
2018-03-19 12:00:22 - Tomcat initialized with port(s): 8080 (http)
2018-03-19 12:00:22 - Starting service [Tomcat]
2018-03-19 12:00:22 - Starting Servlet Engine: Apache Tomcat/8.5.16
2018-03-19 12:00:23 - Initializing Spring embedded WebApplicationContext
2018-03-19 12:00:23 - Root WebApplicationContext: initialization completed in 1951 ms
2018-03-19 12:00:23 - Mapping servlet: 'dispatcherServlet' to [/]
2018-03-19 12:00:23 - Mapping filter: 'characterEncodingFilter' to: [/*]
2018-03-19 12:00:23 - Mapping filter: 'hiddenHttpMethodFilter' to: [/*]
2018-03-19 12:00:23 - Mapping filter: 'httpPutFormContentFilter' to: [/*]
2018-03-19 12:00:23 - Mapping filter: 'requestContextFilter' to: [/*]
2018-03-19 12:00:24 - Looking for @ControllerAdvice: org.springframework.boot.context.embedded.AnnotationConfigEmbeddedWebApplicationContext@69930714: startup date [Mon Mar 19 12:00:21 IST 2018]; root of context hierarchy
2018-03-19 12:00:24 - Mapped "{[/error],produces=[text/html]}" onto public org.springframework.web.servlet.ModelAndView org.springframework.boot.autoconfigure.web.BasicErrorController.errorHtml(javax.servlet.http.HttpServletRequest,javax.servlet.http.HttpServletResponse)
2018-03-19 12:00:24 - Mapped "{[/error]}" onto public org.springframework.http.ResponseEntity<java.util.Map<java.lang.String, java.lang.Object>> org.springframework.boot.autoconfigure.web.BasicErrorController.error(javax.servlet.http.HttpServletRequest)
2018-03-19 12:00:24 - Mapped URL path [/webjars/**] onto handler of type [class org.springframework.web.servlet.resource.ResourceHttpRequestHandler]
2018-03-19 12:00:24 - Mapped URL path [/**] onto handler of type [class org.springframework.web.servlet.resource.ResourceHttpRequestHandler]
2018-03-19 12:00:24 - Mapped URL path [/**/favicon.ico] onto handler of type [class org.springframework.web.servlet.resource.ResourceHttpRequestHandler]
2018-03-19 12:00:24 - Registering beans for JMX exposure on startup
2018-03-19 12:00:24 - Initializing ProtocolHandler ["http-nio-8080"]
2018-03-19 12:00:24 - Starting ProtocolHandler ["http-nio-8080"]
2018-03-19 12:00:24 - Using a shared selector for servlet write/read
2018-03-19 12:00:24 - Tomcat started on port(s): 8080 (http)
2018-03-19 12:00:24 - Started SpringbootDemoLoggingApplication in 4.086 seconds (JVM running for 5.236)
2018-03-19 12:35:00 - Initializing Spring FrameworkServlet 'dispatcherServlet'
2018-03-19 12:35:00 - FrameworkServlet 'dispatcherServlet': initialization started
2018-03-19 12:35:00 - FrameworkServlet 'dispatcherServlet': initialization completed in 19 ms
2018-03-19 13:01:51 - Application shutdown requested.
2018-03-19 13:01:51 - Closing org.springframework.boot.context.embedded.AnnotationConfigEmbeddedWebApplicationContext@69930714: startup date [Mon Mar 19 12:00:21 IST 2018]; root of context hierarchy
2018-03-19 13:01:51 - Unregistering JMX-exposed beans on shutdown
