2018-03-19 11:53:53 - Starting SpringbootDemoLoggingApplication on nexiilabs with PID 5582 (/home/nexii/eclipse-workspace/suryanarayana/springbootDemoLogging/target/classes started by nexii in /home/nexii/eclipse-workspace/suryanarayana/springbootDemoLogging)
2018-03-19 11:53:53 - Running with Spring Boot v1.5.6.RELEASE, Spring v4.3.10.RELEASE
2018-03-19 11:53:53 - No active profile set, falling back to default profiles: default
2018-03-19 11:53:53 - Refreshing org.springframework.boot.context.embedded.AnnotationConfigEmbeddedWebApplicationContext@69930714: startup date [Mon Mar 19 11:53:53 IST 2018]; root of context hierarchy
2018-03-19 11:53:53 - HV000001: Hibernate Validator 5.3.5.Final
2018-03-19 11:53:54 - Tomcat initialized with port(s): 8080 (http)
2018-03-19 11:53:54 - Starting service [Tomcat]
2018-03-19 11:53:54 - Starting Servlet Engine: Apache Tomcat/8.5.16
2018-03-19 11:53:55 - Initializing Spring embedded WebApplicationContext
2018-03-19 11:53:55 - Root WebApplicationContext: initialization completed in 1695 ms
2018-03-19 11:53:55 - Mapping servlet: 'dispatcherServlet' to [/]
2018-03-19 11:53:55 - Mapping filter: 'characterEncodingFilter' to: [/*]
2018-03-19 11:53:55 - Mapping filter: 'hiddenHttpMethodFilter' to: [/*]
2018-03-19 11:53:55 - Mapping filter: 'httpPutFormContentFilter' to: [/*]
2018-03-19 11:53:55 - Mapping filter: 'requestContextFilter' to: [/*]
2018-03-19 11:53:55 - Looking for @ControllerAdvice: org.springframework.boot.context.embedded.AnnotationConfigEmbeddedWebApplicationContext@69930714: startup date [Mon Mar 19 11:53:53 IST 2018]; root of context hierarchy
2018-03-19 11:53:55 - Mapped "{[/error],produces=[text/html]}" onto public org.springframework.web.servlet.ModelAndView org.springframework.boot.autoconfigure.web.BasicErrorController.errorHtml(javax.servlet.http.HttpServletRequest,javax.servlet.http.HttpServletResponse)
2018-03-19 11:53:55 - Mapped "{[/error]}" onto public org.springframework.http.ResponseEntity<java.util.Map<java.lang.String, java.lang.Object>> org.springframework.boot.autoconfigure.web.BasicErrorController.error(javax.servlet.http.HttpServletRequest)
2018-03-19 11:53:55 - Mapped URL path [/webjars/**] onto handler of type [class org.springframework.web.servlet.resource.ResourceHttpRequestHandler]
2018-03-19 11:53:55 - Mapped URL path [/**] onto handler of type [class org.springframework.web.servlet.resource.ResourceHttpRequestHandler]
2018-03-19 11:53:55 - Mapped URL path [/**/favicon.ico] onto handler of type [class org.springframework.web.servlet.resource.ResourceHttpRequestHandler]
2018-03-19 11:53:55 - Registering beans for JMX exposure on startup
2018-03-19 11:53:55 - Initializing ProtocolHandler ["http-nio-8080"]
2018-03-19 11:53:55 - Starting ProtocolHandler ["http-nio-8080"]
2018-03-19 11:53:55 - Using a shared selector for servlet write/read
2018-03-19 11:53:55 - Tomcat started on port(s): 8080 (http)
2018-03-19 11:53:55 - Started SpringbootDemoLoggingApplication in 3.279 seconds (JVM running for 4.332)
2018-03-19 11:58:52 - Application shutdown requested.
2018-03-19 11:58:52 - Closing org.springframework.boot.context.embedded.AnnotationConfigEmbeddedWebApplicationContext@69930714: startup date [Mon Mar 19 11:53:53 IST 2018]; root of context hierarchy
2018-03-19 11:58:52 - Unregistering JMX-exposed beans on shutdown
